Using pre-set license
Built from '2022.3/staging' branch; Version is '2022.3.39f1 (4e1b0f82c39a) revision 5118735'; Using compiler version '192829333'; Build Type 'Release'
OS: 'Windows 11  (10.0.22631) 64bit Core' Language: 'ko' Physical Memory: 32606 MB
BatchMode: 1, IsHumanControllingUs: 0, StartBugReporterOnCrash: 0, Is64bit: 1, IsPro: 1

COMMAND LINE ARGUMENTS:
C:\Program Files\Unity\Hub\Editor\2022.3.39f1\Editor\Unity.exe
-adb2
-batchMode
-noUpm
-name
AssetImportWorker4
-projectPath
C:/Users/user/OneDrive/바탕 화면/Unuty/Project_C130
-logFile
Logs/AssetImportWorker4.log
-srvPort
49172
Successfully changed project path to: C:/Users/user/OneDrive/바탕 화면/Unuty/Project_C130
C:/Users/user/OneDrive/바탕 화면/Unuty/Project_C130
[UnityMemory] Configuration Parameters - Can be set up in boot.config
    "memorysetup-bucket-allocator-granularity=16"
    "memorysetup-bucket-allocator-bucket-count=8"
    "memorysetup-bucket-allocator-block-size=33554432"
    "memorysetup-bucket-allocator-block-count=8"
    "memorysetup-main-allocator-block-size=16777216"
    "memorysetup-thread-allocator-block-size=16777216"
    "memorysetup-gfx-main-allocator-block-size=16777216"
    "memorysetup-gfx-thread-allocator-block-size=16777216"
    "memorysetup-cache-allocator-block-size=4194304"
    "memorysetup-typetree-allocator-block-size=2097152"
    "memorysetup-profiler-bucket-allocator-granularity=16"
    "memorysetup-profiler-bucket-allocator-bucket-count=8"
    "memorysetup-profiler-bucket-allocator-block-size=33554432"
    "memorysetup-profiler-bucket-allocator-block-count=8"
    "memorysetup-profiler-allocator-block-size=16777216"
    "memorysetup-profiler-editor-allocator-block-size=1048576"
    "memorysetup-temp-allocator-size-main=16777216"
    "memorysetup-job-temp-allocator-block-size=2097152"
    "memorysetup-job-temp-allocator-block-size-background=1048576"
    "memorysetup-job-temp-allocator-reduction-small-platforms=262144"
    "memorysetup-allocator-temp-initial-block-size-main=262144"
    "memorysetup-allocator-temp-initial-block-size-worker=262144"
    "memorysetup-temp-allocator-size-background-worker=32768"
    "memorysetup-temp-allocator-size-job-worker=262144"
    "memorysetup-temp-allocator-size-preload-manager=33554432"
    "memorysetup-temp-allocator-size-nav-mesh-worker=65536"
    "memorysetup-temp-allocator-size-audio-worker=65536"
    "memorysetup-temp-allocator-size-cloud-worker=32768"
    "memorysetup-temp-allocator-size-gi-baking-worker=262144"
    "memorysetup-temp-allocator-size-gfx=262144"
Player connection [7672]  Target information:

Player connection [7672]  * "[IP] 192.168.75.195 [Port] 0 [Flags] 2 [Guid] 3146222480 [EditorId] 3146222480 [Version] 1048832 [Id] WindowsEditor(7,DESKTOP-G24063E) [Debug] 1 [PackageName] WindowsEditor [ProjectName] Editor" 

Player connection [7672]  * "[IP] 25.11.50.120 [Port] 0 [Flags] 2 [Guid] 3146222480 [EditorId] 3146222480 [Version] 1048832 [Id] WindowsEditor(7,DESKTOP-G24063E) [Debug] 1 [PackageName] WindowsEditor [ProjectName] Editor" 

Player connection [7672] Host joined multi-casting on [225.0.0.222:54997]...
Player connection [7672] Host joined alternative multi-casting on [225.0.0.222:34997]...
[PhysX] Initialized MultithreadedTaskDispatcher with 20 workers.
Refreshing native plugins compatible for Editor in 12.19 ms, found 3 plugins.
Preloading 0 native plugins for Editor in 0.00 ms.
Initialize engine version: 2022.3.39f1 (4e1b0f82c39a)
[Subsystems] Discovering subsystems at path C:/Program Files/Unity/Hub/Editor/2022.3.39f1/Editor/Data/Resources/UnitySubsystems
[Subsystems] Discovering subsystems at path C:/Users/user/OneDrive/바탕 화면/Unuty/Project_C130/Assets
GfxDevice: creating device client; threaded=0; jobified=0
Direct3D:
    Version:  Direct3D 11.0 [level 11.1]
    Renderer: NVIDIA GeForce RTX 4070 Ti (ID=0x2782)
    Vendor:   NVIDIA
    VRAM:     12010 MB
    Driver:   31.0.15.3699
Initialize mono
Mono path[0] = 'C:/Program Files/Unity/Hub/Editor/2022.3.39f1/Editor/Data/Managed'
Mono path[1] = 'C:/Program Files/Unity/Hub/Editor/2022.3.39f1/Editor/Data/MonoBleedingEdge/lib/mono/unityjit-win32'
Mono config path = 'C:/Program Files/Unity/Hub/Editor/2022.3.39f1/Editor/Data/MonoBleedingEdge/etc'
Using monoOptions --debugger-agent=transport=dt_socket,embedding=1,server=y,suspend=n,address=127.0.0.1:56780
Begin MonoManager ReloadAssembly
Registering precompiled unity dll's ...
Register platform support module: C:/Program Files/Unity/Hub/Editor/2022.3.39f1/Editor/Data/PlaybackEngines/AndroidPlayer/UnityEditor.Android.Extensions.dll
Register platform support module: C:/Program Files/Unity/Hub/Editor/2022.3.39f1/Editor/Data/PlaybackEngines/WindowsStandaloneSupport/UnityEditor.WindowsStandalone.Extensions.dll
Registered in 0.016321 seconds.
- Loaded All Assemblies, in  0.343 seconds
Native extension for WindowsStandalone target not found
Native extension for Android target not found
Android Extension - Scanning For ADB Devices 6035 ms
Mono: successfully reloaded assembly
- Finished resetting the current domain, in  6.255 seconds
Domain Reload Profiling: 6595ms
	BeginReloadAssembly (133ms)
		ExecutionOrderSort (0ms)
		DisableScriptedObjects (0ms)
		BackupInstance (0ms)
		ReleaseScriptingObjects (0ms)
		CreateAndSetChildDomain (1ms)
	RebuildCommonClasses (24ms)
	RebuildNativeTypeToScriptingClass (7ms)
	initialDomainReloadingComplete (61ms)
	LoadAllAssembliesAndSetupDomain (115ms)
		LoadAssemblies (130ms)
		RebuildTransferFunctionScriptingTraits (0ms)
		AnalyzeDomain (113ms)
			TypeCache.Refresh (112ms)
				TypeCache.ScanAssembly (101ms)
			ScanForSourceGeneratedMonoScriptInfo (0ms)
			ResolveRequiredComponents (1ms)
	FinalizeReload (6255ms)
		ReleaseScriptCaches (0ms)
		RebuildScriptCaches (0ms)
		SetupLoadedEditorAssemblies (6216ms)
			LogAssemblyErrors (0ms)
			InitializePlatformSupportModulesInManaged (6117ms)
			SetLoadedEditorAssemblies (2ms)
			RefreshPlugins (0ms)
			BeforeProcessingInitializeOnLoad (1ms)
			ProcessInitializeOnLoadAttributes (67ms)
			ProcessInitializeOnLoadMethodAttributes (28ms)
			AfterProcessingInitializeOnLoad (0ms)
			EditorAssembliesLoaded (0ms)
		ExecutionOrderSort2 (0ms)
		AwakeInstancesAfterBackupRestoration (0ms)
========================================================================
Worker process is ready to serve import requests
Begin MonoManager ReloadAssembly
- Loaded All Assemblies, in  0.439 seconds
Refreshing native plugins compatible for Editor in 3.65 ms, found 3 plugins.
Native extension for WindowsStandalone target not found
Native extension for Android target not found
Package Manager log level set to [2]
[Package Manager] Server::EnsureServerProcessIsRunning -- launch failed, reason: Unity was launched with the -noUpm command-line argument
[Package Manager] UpmClient::Send -- Unable to send message (not connected to UPM process).
[Package Manager] Cannot connect to Unity Package Manager local server
Mono: successfully reloaded assembly
- Finished resetting the current domain, in  0.390 seconds
Domain Reload Profiling: 826ms
	BeginReloadAssembly (98ms)
		ExecutionOrderSort (0ms)
		DisableScriptedObjects (3ms)
		BackupInstance (0ms)
		ReleaseScriptingObjects (0ms)
		CreateAndSetChildDomain (12ms)
	RebuildCommonClasses (21ms)
	RebuildNativeTypeToScriptingClass (6ms)
	initialDomainReloadingComplete (30ms)
	LoadAllAssembliesAndSetupDomain (280ms)
		LoadAssemblies (223ms)
		RebuildTransferFunctionScriptingTraits (0ms)
		AnalyzeDomain (120ms)
			TypeCache.Refresh (105ms)
				TypeCache.ScanAssembly (95ms)
			ScanForSourceGeneratedMonoScriptInfo (10ms)
			ResolveRequiredComponents (4ms)
	FinalizeReload (390ms)
		ReleaseScriptCaches (0ms)
		RebuildScriptCaches (0ms)
		SetupLoadedEditorAssemblies (294ms)
			LogAssemblyErrors (0ms)
			InitializePlatformSupportModulesInManaged (17ms)
			SetLoadedEditorAssemblies (3ms)
			RefreshPlugins (0ms)
			BeforeProcessingInitializeOnLoad (45ms)
			ProcessInitializeOnLoadAttributes (196ms)
			ProcessInitializeOnLoadMethodAttributes (25ms)
			AfterProcessingInitializeOnLoad (8ms)
			EditorAssembliesLoaded (0ms)
		ExecutionOrderSort2 (0ms)
		AwakeInstancesAfterBackupRestoration (6ms)
Launched and connected shader compiler UnityShaderCompiler.exe after 0.04 seconds
Refreshing native plugins compatible for Editor in 3.00 ms, found 3 plugins.
Preloading 0 native plugins for Editor in 0.00 ms.
Unloading 3298 Unused Serialized files (Serialized files now loaded: 0)
Unloading 76 unused Assets / (9.7 MB). Loaded Objects now: 3735.
Memory consumption went from 182.4 MB to 172.7 MB.
Total: 3.820500 ms (FindLiveObjects: 0.142200 ms CreateObjectMapping: 0.040800 ms MarkObjects: 1.642800 ms  DeleteObjects: 1.994000 ms)

AssetImportParameters requested are different than current active one (requested -> active):
  custom:container-demuxer-ogg: 62fdf1f143b41e24485cea50d1cbac27 -> 
  custom:video-codec-MediaFoundation-h265: 746d11721c4dcdbdad8f713fa42b33f4 -> 
  custom:video-decoder-ogg-theora: a1e56fd34408186e4bbccfd4996cb3dc -> 
  custom:framework-win-MediaFoundation: 216162199b28c13a410421893ffa2e32 -> 
  custom:CustomObjectIndexerAttribute: 9a22284fe3817be447336de3de66b15e -> 
  custom:container-demuxer-webm: 4f35f7cbe854078d1ac9338744f61a02 -> 
  custom:container-muxer-webm: aa71ff27fc2769a1b78a27578f13a17b -> 
  custom:video-decoder-webm-vp8: 9c59270c3fd7afecdb556c50c9e8de78 -> 
  custom:SearchIndexIgnoredProperties: e643bd26f0fe6173181afceb89e7c659 -> 
  custom:AudioImporter_EditorPlatform: d09bf68614088b80899f8185d706f6e7 -> 
  custom:video-encoder-webm-vp8: eb34c28f22e8b96e1ab97ce403110664 -> 
  custom:audio-decoder-ogg-vorbis: bf7c407c2cedff20999df2af8eb42d56 -> 
  custom:audio-encoder-webm-vorbis: bf7c407c2cedff20999df2af8eb42d56 -> 
========================================================================
Received Import Request.
  Time since last request: 990571.787638 seconds.
  path: Assets/PolygonMilitary/Materials/Misc/PolygonMilitary_Veh_Tank_Tracks.mat
  artifactKey: Guid(9c50632c165483044bd259fc5758b877) Importer(815301076,1909f56bfc062723c751e8b465ee728b)
Start importing Assets/PolygonMilitary/Materials/Misc/PolygonMilitary_Veh_Tank_Tracks.mat using Guid(9c50632c165483044bd259fc5758b877) Importer(815301076,1909f56bfc062723c751e8b465ee728b) [PhysX] Initialized MultithreadedTaskDispatcher with 20 workers.
[PhysX] Initialized MultithreadedTaskDispatcher with 20 workers.
 -> (artifact id: 'ba2e83b2ecd8bfb09f7fc0211dba52f6') in 0.068837 seconds
Number of updated asset objects reloaded before import = 0
Number of asset objects unloaded after import = 2
========================================================================
Received Import Request.
  Time since last request: 0.000019 seconds.
  path: Assets/KriptoFX/MuzzleFlashes/Models/Materials/spceckledstone512x5121.mat
  artifactKey: Guid(ca4ac0204f887cd439b4cd68d052b2b5) Importer(815301076,1909f56bfc062723c751e8b465ee728b)
Start importing Assets/KriptoFX/MuzzleFlashes/Models/Materials/spceckledstone512x5121.mat using Guid(ca4ac0204f887cd439b4cd68d052b2b5) Importer(815301076,1909f56bfc062723c751e8b465ee728b) [PhysX] Initialized MultithreadedTaskDispatcher with 20 workers.
[PhysX] Initialized MultithreadedTaskDispatcher with 20 workers.
 -> (artifact id: '6aabd5390b2985cf44b2ca24ac12c7ce') in 0.140945 seconds
Number of updated asset objects reloaded before import = 0
Number of asset objects unloaded after import = 1
========================================================================
Received Import Request.
  Time since last request: 0.000028 seconds.
  path: Assets/unity-chan!/Unity-chan! Model/Art/UnityChanShader/Materials/skin1.mat
  artifactKey: Guid(4b91d906c72fd4447bfabbdd767e31ad) Importer(815301076,1909f56bfc062723c751e8b465ee728b)
Start importing Assets/unity-chan!/Unity-chan! Model/Art/UnityChanShader/Materials/skin1.mat using Guid(4b91d906c72fd4447bfabbdd767e31ad) Importer(815301076,1909f56bfc062723c751e8b465ee728b) [PhysX] Initialized MultithreadedTaskDispatcher with 20 workers.
[PhysX] Initialized MultithreadedTaskDispatcher with 20 workers.
 -> (artifact id: '964fb213b5fdda403e204795ec89c9ea') in 0.007952 seconds
Number of updated asset objects reloaded before import = 0
Number of asset objects unloaded after import = 4
========================================================================
Received Import Request.
  Time since last request: 0.000014 seconds.
  path: Assets/KriptoFX/MuzzleFlashes/Materials/Effects/WaterImpactMobile.mat
  artifactKey: Guid(d862f18fdd4be8f4ab1f49ee13a04070) Importer(815301076,1909f56bfc062723c751e8b465ee728b)
Start importing Assets/KriptoFX/MuzzleFlashes/Materials/Effects/WaterImpactMobile.mat using Guid(d862f18fdd4be8f4ab1f49ee13a04070) Importer(815301076,1909f56bfc062723c751e8b465ee728b) [PhysX] Initialized MultithreadedTaskDispatcher with 20 workers.
[PhysX] Initialized MultithreadedTaskDispatcher with 20 workers.
 -> (artifact id: '023a0d87ad7deddb6ade900af5bf5374') in 0.037360 seconds
Number of updated asset objects reloaded before import = 0
Number of asset objects unloaded after import = 3
========================================================================
Received Import Request.
  Time since last request: 0.000016 seconds.
  path: Assets/PolygonMilitary/Materials/WeaponTextures/PolygonMilitary_Weapon_Mat_08.mat
  artifactKey: Guid(b9e81e9ded162ef4aba8d92329f23b16) Importer(815301076,1909f56bfc062723c751e8b465ee728b)
Start importing Assets/PolygonMilitary/Materials/WeaponTextures/PolygonMilitary_Weapon_Mat_08.mat using Guid(b9e81e9ded162ef4aba8d92329f23b16) Importer(815301076,1909f56bfc062723c751e8b465ee728b) [PhysX] Initialized MultithreadedTaskDispatcher with 20 workers.
[PhysX] Initialized MultithreadedTaskDispatcher with 20 workers.
 -> (artifact id: 'a8af80cb0aad31ae6eb8283c053e1a58') in 0.008026 seconds
Number of updated asset objects reloaded before import = 0
Number of asset objects unloaded after import = 2
========================================================================
Received Import Request.
  Time since last request: 0.000014 seconds.
  path: Assets/KriptoFX/MuzzleFlashes/Materials/Scene/Wall.mat
  artifactKey: Guid(6b563a06e27ade74aae1ac37d9c184f5) Importer(815301076,1909f56bfc062723c751e8b465ee728b)
Start importing Assets/KriptoFX/MuzzleFlashes/Materials/Scene/Wall.mat using Guid(6b563a06e27ade74aae1ac37d9c184f5) Importer(815301076,1909f56bfc062723c751e8b465ee728b) [PhysX] Initialized MultithreadedTaskDispatcher with 20 workers.
[PhysX] Initialized MultithreadedTaskDispatcher with 20 workers.
 -> (artifact id: 'dc44e62a7799c092a3ef83403e18cc9c') in 0.006132 seconds
Number of updated asset objects reloaded before import = 0
Number of asset objects unloaded after import = 1
========================================================================
Received Import Request.
  Time since last request: 0.000025 seconds.
  path: Assets/KriptoFX/MuzzleFlashes/Materials/Scene/Water.mat
  artifactKey: Guid(92b1df7a7c8ca5844905bf95f9692cb6) Importer(815301076,1909f56bfc062723c751e8b465ee728b)
Start importing Assets/KriptoFX/MuzzleFlashes/Materials/Scene/Water.mat using Guid(92b1df7a7c8ca5844905bf95f9692cb6) Importer(815301076,1909f56bfc062723c751e8b465ee728b) [PhysX] Initialized MultithreadedTaskDispatcher with 20 workers.
[PhysX] Initialized MultithreadedTaskDispatcher with 20 workers.
 -> (artifact id: '683d43219c29cc369d057d5375cbc1ea') in 0.104072 seconds
Number of updated asset objects reloaded before import = 0
Number of asset objects unloaded after import = 2
========================================================================
Received Import Request.
  Time since last request: 4.065875 seconds.
  path: Assets/PolygonMilitary/Materials/Vehicles/PolygonMilitary_Mat_Land_Vehicles_7.mat
  artifactKey: Guid(1c557157fad24d34d9bd9c34876849ae) Importer(815301076,1909f56bfc062723c751e8b465ee728b)
Start importing Assets/PolygonMilitary/Materials/Vehicles/PolygonMilitary_Mat_Land_Vehicles_7.mat using Guid(1c557157fad24d34d9bd9c34876849ae) Importer(815301076,1909f56bfc062723c751e8b465ee728b) [PhysX] Initialized MultithreadedTaskDispatcher with 20 workers.
[PhysX] Initialized MultithreadedTaskDispatcher with 20 workers.
 -> (artifact id: 'a8fcf35e3dc88210afb42c92bdcdedc2') in 0.010503 seconds
Number of updated asset objects reloaded before import = 0
Number of asset objects unloaded after import = 2
========================================================================
Received Import Request.
  Time since last request: 0.000014 seconds.
  path: Assets/PolygonMilitary/Materials/Misc/PolygonMilitary_Mesh_01.mat
  artifactKey: Guid(dbb2cae3e2cecad4f8325ac12fe03283) Importer(815301076,1909f56bfc062723c751e8b465ee728b)
Start importing Assets/PolygonMilitary/Materials/Misc/PolygonMilitary_Mesh_01.mat using Guid(dbb2cae3e2cecad4f8325ac12fe03283) Importer(815301076,1909f56bfc062723c751e8b465ee728b) [PhysX] Initialized MultithreadedTaskDispatcher with 20 workers.
[PhysX] Initialized MultithreadedTaskDispatcher with 20 workers.
 -> (artifact id: '5d2c31e0107574ef0ff505ede5e4a948') in 0.147379 seconds
Number of updated asset objects reloaded before import = 0
Number of asset objects unloaded after import = 2
========================================================================
Received Import Request.
  Time since last request: 0.375141 seconds.
  path: Assets/PolygonMilitary/Materials/PolygonMilitary_Mat_03_C.mat
  artifactKey: Guid(99b4d88f18aa3c446a371aa39d07b1a2) Importer(815301076,1909f56bfc062723c751e8b465ee728b)
Start importing Assets/PolygonMilitary/Materials/PolygonMilitary_Mat_03_C.mat using Guid(99b4d88f18aa3c446a371aa39d07b1a2) Importer(815301076,1909f56bfc062723c751e8b465ee728b) [PhysX] Initialized MultithreadedTaskDispatcher with 20 workers.
[PhysX] Initialized MultithreadedTaskDispatcher with 20 workers.
 -> (artifact id: '984c4c88fa422ed120a707f2e375e235') in 0.173490 seconds
Number of updated asset objects reloaded before import = 0
Number of asset objects unloaded after import = 3
========================================================================
Received Import Request.
  Time since last request: 0.000015 seconds.
  path: Assets/KriptoFX/MuzzleFlashes/Materials/Effects/Muzzle/MuzzleFlash9.mat
  artifactKey: Guid(ca92b8d73a92f764fac0cc46aa9ae777) Importer(815301076,1909f56bfc062723c751e8b465ee728b)
Start importing Assets/KriptoFX/MuzzleFlashes/Materials/Effects/Muzzle/MuzzleFlash9.mat using Guid(ca92b8d73a92f764fac0cc46aa9ae777) Importer(815301076,1909f56bfc062723c751e8b465ee728b) [PhysX] Initialized MultithreadedTaskDispatcher with 20 workers.
[PhysX] Initialized MultithreadedTaskDispatcher with 20 workers.
 -> (artifact id: 'c5c220c3c7c63b32fd4ffa6d3edf554d') in 0.007568 seconds
Number of updated asset objects reloaded before import = 0
Number of asset objects unloaded after import = 2
========================================================================
Received Import Request.
  Time since last request: 0.000021 seconds.
  path: Assets/RifleAnimsetPro/UI/Materials/Pattern.mat
  artifactKey: Guid(9ef6c94de48f600428d1c92de1122d03) Importer(815301076,1909f56bfc062723c751e8b465ee728b)
Start importing Assets/RifleAnimsetPro/UI/Materials/Pattern.mat using Guid(9ef6c94de48f600428d1c92de1122d03) Importer(815301076,1909f56bfc062723c751e8b465ee728b) [PhysX] Initialized MultithreadedTaskDispatcher with 20 workers.
[PhysX] Initialized MultithreadedTaskDispatcher with 20 workers.
 -> (artifact id: 'cdb6f1a9e50dc97999304a50fad0101f') in 0.021619 seconds
Number of updated asset objects reloaded before import = 0
Number of asset objects unloaded after import = 2
========================================================================
Received Import Request.
  Time since last request: 0.000016 seconds.
  path: Assets/PolygonMilitary/Materials/PolygonMilitary_Mat_03_B.mat
  artifactKey: Guid(2cb95328624a60646b268e3777b9d76f) Importer(815301076,1909f56bfc062723c751e8b465ee728b)
Start importing Assets/PolygonMilitary/Materials/PolygonMilitary_Mat_03_B.mat using Guid(2cb95328624a60646b268e3777b9d76f) Importer(815301076,1909f56bfc062723c751e8b465ee728b) [PhysX] Initialized MultithreadedTaskDispatcher with 20 workers.
[PhysX] Initialized MultithreadedTaskDispatcher with 20 workers.
 -> (artifact id: '7b28e9ad78af604f5dfddfbf6b12461e') in 0.030948 seconds
Number of updated asset objects reloaded before import = 0
Number of asset objects unloaded after import = 3
========================================================================
Received Import Request.
  Time since last request: 0.000017 seconds.
  path: Assets/KriptoFX/MuzzleFlashes/Materials/Effects/PlasterBulletDecalMobile.mat
  artifactKey: Guid(d2c60787f3bf8c2449788a2e285092ca) Importer(815301076,1909f56bfc062723c751e8b465ee728b)
Start importing Assets/KriptoFX/MuzzleFlashes/Materials/Effects/PlasterBulletDecalMobile.mat using Guid(d2c60787f3bf8c2449788a2e285092ca) Importer(815301076,1909f56bfc062723c751e8b465ee728b) [PhysX] Initialized MultithreadedTaskDispatcher with 20 workers.
[PhysX] Initialized MultithreadedTaskDispatcher with 20 workers.
 -> (artifact id: '4522a322783189d89076b257005ba3fa') in 0.010841 seconds
Number of updated asset objects reloaded before import = 0
Number of asset objects unloaded after import = 3
========================================================================
Received Import Request.
  Time since last request: 0.000020 seconds.
  path: Assets/KriptoFX/MuzzleFlashes/Materials/Effects/Muzzle/MuzzleFlash8.mat
  artifactKey: Guid(c8ee267153154e74f91e6511fcff18c4) Importer(815301076,1909f56bfc062723c751e8b465ee728b)
Start importing Assets/KriptoFX/MuzzleFlashes/Materials/Effects/Muzzle/MuzzleFlash8.mat using Guid(c8ee267153154e74f91e6511fcff18c4) Importer(815301076,1909f56bfc062723c751e8b465ee728b) [PhysX] Initialized MultithreadedTaskDispatcher with 20 workers.
[PhysX] Initialized MultithreadedTaskDispatcher with 20 workers.
 -> (artifact id: 'ef8ab457d59157cc1fa5e5fb471be8d2') in 0.026009 seconds
Number of updated asset objects reloaded before import = 0
Number of asset objects unloaded after import = 2
========================================================================
Received Import Request.
  Time since last request: 0.000013 seconds.
  path: Assets/PolygonMilitary/Materials/PolygonMilitary_Mat_03_A.mat
  artifactKey: Guid(c726a01b0ee89c84d9b406ebbca1fbeb) Importer(815301076,1909f56bfc062723c751e8b465ee728b)
Start importing Assets/PolygonMilitary/Materials/PolygonMilitary_Mat_03_A.mat using Guid(c726a01b0ee89c84d9b406ebbca1fbeb) Importer(815301076,1909f56bfc062723c751e8b465ee728b) [PhysX] Initialized MultithreadedTaskDispatcher with 20 workers.
[PhysX] Initialized MultithreadedTaskDispatcher with 20 workers.
 -> (artifact id: '11d5d3ef4f9975b5e08999efb3b18fe8') in 0.030724 seconds
Number of updated asset objects reloaded before import = 0
Number of asset objects unloaded after import = 3
========================================================================
Received Import Request.
  Time since last request: 0.000016 seconds.
  path: Assets/PolygonMilitary/Materials/PolygonMilitary_Mat_01_B.mat
  artifactKey: Guid(d688ab17c5b4b5544abd374deb0c17ed) Importer(815301076,1909f56bfc062723c751e8b465ee728b)
Start importing Assets/PolygonMilitary/Materials/PolygonMilitary_Mat_01_B.mat using Guid(d688ab17c5b4b5544abd374deb0c17ed) Importer(815301076,1909f56bfc062723c751e8b465ee728b) [PhysX] Initialized MultithreadedTaskDispatcher with 20 workers.
[PhysX] Initialized MultithreadedTaskDispatcher with 20 workers.
 -> (artifact id: '0e55f2742f72910cdcab59c6a366b0bc') in 0.035573 seconds
Number of updated asset objects reloaded before import = 0
Number of asset objects unloaded after import = 3
========================================================================
Received Import Request.
  Time since last request: 0.000015 seconds.
  path: Assets/PolygonMilitary/Materials/Misc/PolygonMilitary_Decal_BulletHoles_01.mat
  artifactKey: Guid(e5d9668e8d23c494fae7756574a77fbf) Importer(815301076,1909f56bfc062723c751e8b465ee728b)
Start importing Assets/PolygonMilitary/Materials/Misc/PolygonMilitary_Decal_BulletHoles_01.mat using Guid(e5d9668e8d23c494fae7756574a77fbf) Importer(815301076,1909f56bfc062723c751e8b465ee728b) [PhysX] Initialized MultithreadedTaskDispatcher with 20 workers.
[PhysX] Initialized MultithreadedTaskDispatcher with 20 workers.
 -> (artifact id: '240c63a78ee146b0ac56952c2aed1a44') in 0.123394 seconds
Number of updated asset objects reloaded before import = 0
Number of asset objects unloaded after import = 3
========================================================================
Received Import Request.
  Time since last request: 0.205195 seconds.
  path: Assets/MODEL/DEBI_Model/mouth.mat
  artifactKey: Guid(ff48f0f7ce154fa4fa0a9fc6a5b242d9) Importer(815301076,1909f56bfc062723c751e8b465ee728b)
Start importing Assets/MODEL/DEBI_Model/mouth.mat using Guid(ff48f0f7ce154fa4fa0a9fc6a5b242d9) Importer(815301076,1909f56bfc062723c751e8b465ee728b) [PhysX] Initialized MultithreadedTaskDispatcher with 20 workers.
[PhysX] Initialized MultithreadedTaskDispatcher with 20 workers.
 -> (artifact id: 'd7e416c283ef5ab9fd73ba8f91c644f1') in 0.085272 seconds
Number of updated asset objects reloaded before import = 0
Number of asset objects unloaded after import = 3
========================================================================
Received Import Request.
  Time since last request: 0.000013 seconds.
  path: Assets/RifleAnimsetPro/Models/Materials/Metal.mat
  artifactKey: Guid(2bd29c56e12b9bc41be9bb8822d2f82c) Importer(815301076,1909f56bfc062723c751e8b465ee728b)
Start importing Assets/RifleAnimsetPro/Models/Materials/Metal.mat using Guid(2bd29c56e12b9bc41be9bb8822d2f82c) Importer(815301076,1909f56bfc062723c751e8b465ee728b) [PhysX] Initialized MultithreadedTaskDispatcher with 20 workers.
[PhysX] Initialized MultithreadedTaskDispatcher with 20 workers.
 -> (artifact id: '2459430e99ddd5fa71c278cc7494ee85') in 0.007800 seconds
Number of updated asset objects reloaded before import = 0
Number of asset objects unloaded after import = 2
========================================================================
Received Import Request.
  Time since last request: 0.000013 seconds.
  path: Assets/Nodachi_Animset/Animation/Generic/Inplace/rise_01_inplace.fbx
  artifactKey: Guid(9af55c09000b4507aa087c0cc8c43c7c) Importer(815301076,1909f56bfc062723c751e8b465ee728b)
Start importing Assets/Nodachi_Animset/Animation/Generic/Inplace/rise_01_inplace.fbx using Guid(9af55c09000b4507aa087c0cc8c43c7c) Importer(815301076,1909f56bfc062723c751e8b465ee728b) [PhysX] Initialized MultithreadedTaskDispatcher with 20 workers.
[PhysX] Initialized MultithreadedTaskDispatcher with 20 workers.
[PhysX] Initialized MultithreadedTaskDispatcher with 20 workers.
[PhysX] Initialized MultithreadedTaskDispatcher with 20 workers.
[PhysX] Initialized MultithreadedTaskDispatcher with 20 workers.
[PhysX] Initialized MultithreadedTaskDispatcher with 20 workers.
[PhysX] Initialized MultithreadedTaskDispatcher with 20 workers.
 -> (artifact id: '39eef4ea6c532e502da7ec811a87287f') in 0.048405 seconds
Number of updated asset objects reloaded before import = 0
Number of asset objects unloaded after import = 139
========================================================================
Received Import Request.
  Time since last request: 0.000015 seconds.
  path: Assets/Nodachi_Animset/Animation/Generic/attack_05.fbx
  artifactKey: Guid(f0b937b9993c4706b454195ed7dcd919) Importer(815301076,1909f56bfc062723c751e8b465ee728b)
Start importing Assets/Nodachi_Animset/Animation/Generic/attack_05.fbx using Guid(f0b937b9993c4706b454195ed7dcd919) Importer(815301076,1909f56bfc062723c751e8b465ee728b) [PhysX] Initialized MultithreadedTaskDispatcher with 20 workers.
[PhysX] Initialized MultithreadedTaskDispatcher with 20 workers.
[PhysX] Initialized MultithreadedTaskDispatcher with 20 workers.
[PhysX] Initialized MultithreadedTaskDispatcher with 20 workers.
[PhysX] Initialized MultithreadedTaskDispatcher with 20 workers.
[PhysX] Initialized MultithreadedTaskDispatcher with 20 workers.
[PhysX] Initialized MultithreadedTaskDispatcher with 20 workers.
 -> (artifact id: 'faf1c5b446c6106f0ea88139920b7532') in 0.036477 seconds
Number of updated asset objects reloaded before import = 0
Number of asset objects unloaded after import = 139
========================================================================
Received Import Request.
  Time since last request: 0.000014 seconds.
  path: Assets/Nodachi_Animset/Animation/Generic/Inplace/combo_04_4_inplace.fbx
  artifactKey: Guid(26024064185545cdb39af53b8009bdf0) Importer(815301076,1909f56bfc062723c751e8b465ee728b)
Start importing Assets/Nodachi_Animset/Animation/Generic/Inplace/combo_04_4_inplace.fbx using Guid(26024064185545cdb39af53b8009bdf0) Importer(815301076,1909f56bfc062723c751e8b465ee728b) [PhysX] Initialized MultithreadedTaskDispatcher with 20 workers.
[PhysX] Initialized MultithreadedTaskDispatcher with 20 workers.
[PhysX] Initialized MultithreadedTaskDispatcher with 20 workers.
[PhysX] Initialized MultithreadedTaskDispatcher with 20 workers.
[PhysX] Initialized MultithreadedTaskDispatcher with 20 workers.
[PhysX] Initialized MultithreadedTaskDispatcher with 20 workers.
[PhysX] Initialized MultithreadedTaskDispatcher with 20 workers.
 -> (artifact id: 'd5b6efc235fd316e94b90cc8514ff298') in 0.031029 seconds
Number of updated asset objects reloaded before import = 0
Number of asset objects unloaded after import = 139
========================================================================
Received Import Request.
  Time since last request: 0.000015 seconds.
  path: Assets/KriptoFX/MuzzleFlashes/Models/Broadleaf_Desktop 1 Materials/LOD1/FacingLeaves_4.mat
  artifactKey: Guid(2ba48dab0eb2b704a990c8c7a6bdd79e) Importer(815301076,1909f56bfc062723c751e8b465ee728b)
Start importing Assets/KriptoFX/MuzzleFlashes/Models/Broadleaf_Desktop 1 Materials/LOD1/FacingLeaves_4.mat using Guid(2ba48dab0eb2b704a990c8c7a6bdd79e) Importer(815301076,1909f56bfc062723c751e8b465ee728b) [PhysX] Initialized MultithreadedTaskDispatcher with 20 workers.
[PhysX] Initialized MultithreadedTaskDispatcher with 20 workers.
 -> (artifact id: '2dff3c4e2179d6ab4110819513cb3e08') in 0.019988 seconds
Number of updated asset objects reloaded before import = 0
Number of asset objects unloaded after import = 3
========================================================================
Received Import Request.
  Time since last request: 0.000020 seconds.
  path: Assets/KriptoFX/MuzzleFlashes/Models/Broadleaf_Desktop 1 Materials/LOD2/Fronds_2.mat
  artifactKey: Guid(09d5986ca7cfe324eb417dda7f5fd679) Importer(815301076,1909f56bfc062723c751e8b465ee728b)
Start importing Assets/KriptoFX/MuzzleFlashes/Models/Broadleaf_Desktop 1 Materials/LOD2/Fronds_2.mat using Guid(09d5986ca7cfe324eb417dda7f5fd679) Importer(815301076,1909f56bfc062723c751e8b465ee728b) [PhysX] Initialized MultithreadedTaskDispatcher with 20 workers.
[PhysX] Initialized MultithreadedTaskDispatcher with 20 workers.
 -> (artifact id: '7ad03624258aee453fc90c853abca14e') in 0.010571 seconds
Number of updated asset objects reloaded before import = 0
Number of asset objects unloaded after import = 3
========================================================================
Received Import Request.
  Time since last request: 0.000017 seconds.
  path: Assets/PolygonMilitary/Prefabs/FX/Materials/FX_Dark.mat
  artifactKey: Guid(db5f0d67df793824fb0c40433a95a8d8) Importer(815301076,1909f56bfc062723c751e8b465ee728b)
Start importing Assets/PolygonMilitary/Prefabs/FX/Materials/FX_Dark.mat using Guid(db5f0d67df793824fb0c40433a95a8d8) Importer(815301076,1909f56bfc062723c751e8b465ee728b) [PhysX] Initialized MultithreadedTaskDispatcher with 20 workers.
[PhysX] Initialized MultithreadedTaskDispatcher with 20 workers.
 -> (artifact id: 'b2b8c25bc5e01aa39917baafbeb4f0ee') in 0.005519 seconds
Number of updated asset objects reloaded before import = 0
Number of asset objects unloaded after import = 1
========================================================================
Received Import Request.
  Time since last request: 0.000028 seconds.
  path: Assets/PolygonMilitary/Prefabs/FX/Materials/FX_Default.mat
  artifactKey: Guid(dcdc62c57c96a6b48b0292027b65dae0) Importer(815301076,1909f56bfc062723c751e8b465ee728b)
Start importing Assets/PolygonMilitary/Prefabs/FX/Materials/FX_Default.mat using Guid(dcdc62c57c96a6b48b0292027b65dae0) Importer(815301076,1909f56bfc062723c751e8b465ee728b) [PhysX] Initialized MultithreadedTaskDispatcher with 20 workers.
[PhysX] Initialized MultithreadedTaskDispatcher with 20 workers.
 -> (artifact id: '823d6571830ce8465f2676663fd4f558') in 0.020894 seconds
Number of updated asset objects reloaded before import = 0
Number of asset objects unloaded after import = 1
========================================================================
Received Import Request.
  Time since last request: 0.000014 seconds.
  path: Assets/RifleAnimsetPro/Models/Materials/Head2.mat
  artifactKey: Guid(d30ce25baf7bc784899f8d634fc1f6a4) Importer(815301076,1909f56bfc062723c751e8b465ee728b)
Start importing Assets/RifleAnimsetPro/Models/Materials/Head2.mat using Guid(d30ce25baf7bc784899f8d634fc1f6a4) Importer(815301076,1909f56bfc062723c751e8b465ee728b) [PhysX] Initialized MultithreadedTaskDispatcher with 20 workers.
[PhysX] Initialized MultithreadedTaskDispatcher with 20 workers.
 -> (artifact id: 'c38ba8cf1c5dab463d5708a90a869344') in 0.006363 seconds
Number of updated asset objects reloaded before import = 0
Number of asset objects unloaded after import = 2
========================================================================
Received Import Request.
  Time since last request: 0.000112 seconds.
  path: Assets/KriptoFX/MuzzleFlashes/Materials/Effects/Muzzle/Flame1.mat
  artifactKey: Guid(ff688eedc16ccf84898bb6c02adb2cbb) Importer(815301076,1909f56bfc062723c751e8b465ee728b)
Start importing Assets/KriptoFX/MuzzleFlashes/Materials/Effects/Muzzle/Flame1.mat using Guid(ff688eedc16ccf84898bb6c02adb2cbb) Importer(815301076,1909f56bfc062723c751e8b465ee728b) [PhysX] Initialized MultithreadedTaskDispatcher with 20 workers.
[PhysX] Initialized MultithreadedTaskDispatcher with 20 workers.
 -> (artifact id: '5c4fe7fdbd18a36b02ec36411310e310') in 0.025214 seconds
Number of updated asset objects reloaded before import = 0
Number of asset objects unloaded after import = 2
========================================================================
Received Import Request.
  Time since last request: 0.000015 seconds.
  path: Assets/KriptoFX/MuzzleFlashes/Materials/Effects/Muzzle/Flame4.mat
  artifactKey: Guid(9ae96f2649ae3ce4c94450ccdf0e6b7c) Importer(815301076,1909f56bfc062723c751e8b465ee728b)
Start importing Assets/KriptoFX/MuzzleFlashes/Materials/Effects/Muzzle/Flame4.mat using Guid(9ae96f2649ae3ce4c94450ccdf0e6b7c) Importer(815301076,1909f56bfc062723c751e8b465ee728b) [PhysX] Initialized MultithreadedTaskDispatcher with 20 workers.
[PhysX] Initialized MultithreadedTaskDispatcher with 20 workers.
 -> (artifact id: '85db5fafa62b3a66d72f5578b051cf4c') in 0.008509 seconds
Number of updated asset objects reloaded before import = 0
Number of asset objects unloaded after import = 2
========================================================================
Received Import Request.
  Time since last request: 0.000013 seconds.
  path: Assets/KriptoFX/MuzzleFlashes/Materials/Effects/Glass.mat
  artifactKey: Guid(a2f42be17d0a1c14d8790ff352b744a1) Importer(815301076,1909f56bfc062723c751e8b465ee728b)
Start importing Assets/KriptoFX/MuzzleFlashes/Materials/Effects/Glass.mat using Guid(a2f42be17d0a1c14d8790ff352b744a1) Importer(815301076,1909f56bfc062723c751e8b465ee728b) [PhysX] Initialized MultithreadedTaskDispatcher with 20 workers.
[PhysX] Initialized MultithreadedTaskDispatcher with 20 workers.
 -> (artifact id: 'cbdbf8ae515d0959ce64f16d00cff0ee') in 0.010573 seconds
Number of updated asset objects reloaded before import = 0
Number of asset objects unloaded after import = 3
========================================================================
Received Import Request.
  Time since last request: 0.000016 seconds.
  path: Assets/unity-chan!/Unity-chan! Model/Art/Materials/eye_R1.mat
  artifactKey: Guid(a87def7cf3654cc43add52e645fee2ce) Importer(815301076,1909f56bfc062723c751e8b465ee728b)
Start importing Assets/unity-chan!/Unity-chan! Model/Art/Materials/eye_R1.mat using Guid(a87def7cf3654cc43add52e645fee2ce) Importer(815301076,1909f56bfc062723c751e8b465ee728b) [PhysX] Initialized MultithreadedTaskDispatcher with 20 workers.
[PhysX] Initialized MultithreadedTaskDispatcher with 20 workers.
 -> (artifact id: '39ebe4822c623d9afc58b53d62e6120e') in 0.010707 seconds
Number of updated asset objects reloaded before import = 0
Number of asset objects unloaded after import = 4
========================================================================
Received Import Request.
  Time since last request: 0.000016 seconds.
  path: Assets/KriptoFX/MuzzleFlashes/Materials/Scene/BackgroundMobile.mat
  artifactKey: Guid(66926ee4d23711946aa89a1b964743b3) Importer(815301076,1909f56bfc062723c751e8b465ee728b)
Start importing Assets/KriptoFX/MuzzleFlashes/Materials/Scene/BackgroundMobile.mat using Guid(66926ee4d23711946aa89a1b964743b3) Importer(815301076,1909f56bfc062723c751e8b465ee728b) [PhysX] Initialized MultithreadedTaskDispatcher with 20 workers.
[PhysX] Initialized MultithreadedTaskDispatcher with 20 workers.
 -> (artifact id: '0ea41a63dcaf958b1d349c9a65a93fa2') in 0.011099 seconds
Number of updated asset objects reloaded before import = 0
Number of asset objects unloaded after import = 2
========================================================================
Received Import Request.
  Time since last request: 0.000013 seconds.
  path: Assets/unity-chan!/Unity-chan! Model/Art/UnityChanShader/Materials/body.mat
  artifactKey: Guid(3b399c72488294c53b66f39632a8fe8b) Importer(815301076,1909f56bfc062723c751e8b465ee728b)
Start importing Assets/unity-chan!/Unity-chan! Model/Art/UnityChanShader/Materials/body.mat using Guid(3b399c72488294c53b66f39632a8fe8b) Importer(815301076,1909f56bfc062723c751e8b465ee728b) [PhysX] Initialized MultithreadedTaskDispatcher with 20 workers.
[PhysX] Initialized MultithreadedTaskDispatcher with 20 workers.
 -> (artifact id: '7c76c3ad9cda1bea83fd966cc63106ff') in 0.016978 seconds
Number of updated asset objects reloaded before import = 0
Number of asset objects unloaded after import = 7
========================================================================
Received Import Request.
  Time since last request: 0.000013 seconds.
  path: Assets/KriptoFX/MuzzleFlashes/Materials/Effects/BrickBulletDecalMobile.mat
  artifactKey: Guid(5340e5227b0899142b56cb81d50dd81a) Importer(815301076,1909f56bfc062723c751e8b465ee728b)
Start importing Assets/KriptoFX/MuzzleFlashes/Materials/Effects/BrickBulletDecalMobile.mat using Guid(5340e5227b0899142b56cb81d50dd81a) Importer(815301076,1909f56bfc062723c751e8b465ee728b) [PhysX] Initialized MultithreadedTaskDispatcher with 20 workers.
[PhysX] Initialized MultithreadedTaskDispatcher with 20 workers.
 -> (artifact id: '1e1057bcc425ff2ba75e21b4d43a3d6f') in 0.005980 seconds
Number of updated asset objects reloaded before import = 0
Number of asset objects unloaded after import = 3
========================================================================
Received Import Request.
  Time since last request: 0.000012 seconds.
  path: Assets/MODEL/DEBI_Model/clothes.mat
  artifactKey: Guid(39e355ce43054044fb3acc721a9d0463) Importer(815301076,1909f56bfc062723c751e8b465ee728b)
Start importing Assets/MODEL/DEBI_Model/clothes.mat using Guid(39e355ce43054044fb3acc721a9d0463) Importer(815301076,1909f56bfc062723c751e8b465ee728b) [PhysX] Initialized MultithreadedTaskDispatcher with 20 workers.
[PhysX] Initialized MultithreadedTaskDispatcher with 20 workers.
 -> (artifact id: '544f8e128cc1102e2017c413dbfc5b1d') in 0.016747 seconds
Number of updated asset objects reloaded before import = 0
Number of asset objects unloaded after import = 3
========================================================================
Received Import Request.
  Time since last request: 0.000016 seconds.
  path: Assets/KriptoFX/MuzzleFlashes/Materials/Effects/ConcreteDustVertical.mat
  artifactKey: Guid(37f9ab736f84ee04a838b948216154de) Importer(815301076,1909f56bfc062723c751e8b465ee728b)
Start importing Assets/KriptoFX/MuzzleFlashes/Materials/Effects/ConcreteDustVertical.mat using Guid(37f9ab736f84ee04a838b948216154de) Importer(815301076,1909f56bfc062723c751e8b465ee728b) [PhysX] Initialized MultithreadedTaskDispatcher with 20 workers.
[PhysX] Initialized MultithreadedTaskDispatcher with 20 workers.
 -> (artifact id: '16d004426b23349a0b55f8022a635d14') in 0.009232 seconds
Number of updated asset objects reloaded before import = 0
Number of asset objects unloaded after import = 2
========================================================================
Received Import Request.
  Time since last request: 0.000013 seconds.
  path: Assets/KriptoFX/MuzzleFlashes/Materials/Effects/DirtRocks.mat
  artifactKey: Guid(6dfac5075c960b64882b830c79f3e9fd) Importer(815301076,1909f56bfc062723c751e8b465ee728b)
Start importing Assets/KriptoFX/MuzzleFlashes/Materials/Effects/DirtRocks.mat using Guid(6dfac5075c960b64882b830c79f3e9fd) Importer(815301076,1909f56bfc062723c751e8b465ee728b) [PhysX] Initialized MultithreadedTaskDispatcher with 20 workers.
[PhysX] Initialized MultithreadedTaskDispatcher with 20 workers.
 -> (artifact id: '2da6ca4da76d3eb9462e70e87ee13990') in 0.007916 seconds
Number of updated asset objects reloaded before import = 0
Number of asset objects unloaded after import = 2
========================================================================
Received Import Request.
  Time since last request: 0.000014 seconds.
  path: Assets/KriptoFX/MuzzleFlashes/Materials/Effects/DirtDust.mat
  artifactKey: Guid(43d671b49b16d3e4098df431ffecd61c) Importer(815301076,1909f56bfc062723c751e8b465ee728b)
Start importing Assets/KriptoFX/MuzzleFlashes/Materials/Effects/DirtDust.mat using Guid(43d671b49b16d3e4098df431ffecd61c) Importer(815301076,1909f56bfc062723c751e8b465ee728b) [PhysX] Initialized MultithreadedTaskDispatcher with 20 workers.
[PhysX] Initialized MultithreadedTaskDispatcher with 20 workers.
 -> (artifact id: '62364001d1d825c8f79094171a6adb2b') in 0.007424 seconds
Number of updated asset objects reloaded before import = 0
Number of asset objects unloaded after import = 2
========================================================================
Received Import Request.
  Time since last request: 0.000013 seconds.
  path: Assets/KriptoFX/MuzzleFlashes/Materials/Effects/DirtBulletDecalMobile.mat
  artifactKey: Guid(8d9f71b6183f83d469e886d85a7b5b75) Importer(815301076,1909f56bfc062723c751e8b465ee728b)
Start importing Assets/KriptoFX/MuzzleFlashes/Materials/Effects/DirtBulletDecalMobile.mat using Guid(8d9f71b6183f83d469e886d85a7b5b75) Importer(815301076,1909f56bfc062723c751e8b465ee728b) [PhysX] Initialized MultithreadedTaskDispatcher with 20 workers.
[PhysX] Initialized MultithreadedTaskDispatcher with 20 workers.
 -> (artifact id: '7ee84017d409e479e2e682c2ec8a79b7') in 0.006105 seconds
Number of updated asset objects reloaded before import = 0
Number of asset objects unloaded after import = 3
========================================================================
Received Import Request.
  Time since last request: 0.000013 seconds.
  path: Assets/KriptoFX/MuzzleFlashes/Models/Demo/Materials/M4A1_Sopmod_Body.mat
  artifactKey: Guid(af993b2cb55bf1344980759362af1e25) Importer(815301076,1909f56bfc062723c751e8b465ee728b)
Start importing Assets/KriptoFX/MuzzleFlashes/Models/Demo/Materials/M4A1_Sopmod_Body.mat using Guid(af993b2cb55bf1344980759362af1e25) Importer(815301076,1909f56bfc062723c751e8b465ee728b) [PhysX] Initialized MultithreadedTaskDispatcher with 20 workers.
[PhysX] Initialized MultithreadedTaskDispatcher with 20 workers.
 -> (artifact id: '5848377df92131d40cd4a883b31448c5') in 0.005725 seconds
Number of updated asset objects reloaded before import = 0
Number of asset objects unloaded after import = 1
========================================================================
Received Import Request.
  Time since last request: 0.000019 seconds.
  path: Assets/KriptoFX/MuzzleFlashes/Materials/Effects/GlassMobile.mat
  artifactKey: Guid(bd9e53147a02c8b4da10082c2b26a634) Importer(815301076,1909f56bfc062723c751e8b465ee728b)
Start importing Assets/KriptoFX/MuzzleFlashes/Materials/Effects/GlassMobile.mat using Guid(bd9e53147a02c8b4da10082c2b26a634) Importer(815301076,1909f56bfc062723c751e8b465ee728b) [PhysX] Initialized MultithreadedTaskDispatcher with 20 workers.
[PhysX] Initialized MultithreadedTaskDispatcher with 20 workers.
 -> (artifact id: 'd87ea85f68f20efd6baf9dc24b0844ad') in 0.005978 seconds
Number of updated asset objects reloaded before import = 0
Number of asset objects unloaded after import = 3
========================================================================
Received Import Request.
  Time since last request: 0.000021 seconds.
  path: Assets/KriptoFX/MuzzleFlashes/Models/Demo/Materials/M4A1 Sopmod Body Diffuse.mat
  artifactKey: Guid(78ab691430c4c3948bafc63e58d78702) Importer(815301076,1909f56bfc062723c751e8b465ee728b)
Start importing Assets/KriptoFX/MuzzleFlashes/Models/Demo/Materials/M4A1 Sopmod Body Diffuse.mat using Guid(78ab691430c4c3948bafc63e58d78702) Importer(815301076,1909f56bfc062723c751e8b465ee728b) [PhysX] Initialized MultithreadedTaskDispatcher with 20 workers.
[PhysX] Initialized MultithreadedTaskDispatcher with 20 workers.
 -> (artifact id: '3df10f4b81f11d53dab53db43ab2250f') in 0.064318 seconds
Number of updated asset objects reloaded before import = 0
Number of asset objects unloaded after import = 3
========================================================================
Received Import Request.
  Time since last request: 0.000012 seconds.
  path: Assets/MODEL/DEBI_Model/body.mat
  artifactKey: Guid(e179778a1d5fd2e4c8acdf9ad19c7381) Importer(815301076,1909f56bfc062723c751e8b465ee728b)
Start importing Assets/MODEL/DEBI_Model/body.mat using Guid(e179778a1d5fd2e4c8acdf9ad19c7381) Importer(815301076,1909f56bfc062723c751e8b465ee728b) [PhysX] Initialized MultithreadedTaskDispatcher with 20 workers.
[PhysX] Initialized MultithreadedTaskDispatcher with 20 workers.
 -> (artifact id: '4e7cc5396a5853be2f03712e71ef9a11') in 0.010541 seconds
Number of updated asset objects reloaded before import = 0
Number of asset objects unloaded after import = 3
========================================================================
Received Import Request.
  Time since last request: 0.000012 seconds.
  path: Assets/RifleAnimsetPro/UI/Materials/InputArrow.mat
  artifactKey: Guid(e8269516794d10a489fa5d684a8391c5) Importer(815301076,1909f56bfc062723c751e8b465ee728b)
Start importing Assets/RifleAnimsetPro/UI/Materials/InputArrow.mat using Guid(e8269516794d10a489fa5d684a8391c5) Importer(815301076,1909f56bfc062723c751e8b465ee728b) [PhysX] Initialized MultithreadedTaskDispatcher with 20 workers.
[PhysX] Initialized MultithreadedTaskDispatcher with 20 workers.
 -> (artifact id: 'e55c94e9bebdb8bf0d052cdec15195a2') in 0.021765 seconds
Number of updated asset objects reloaded before import = 0
Number of asset objects unloaded after import = 2
========================================================================
Received Import Request.
  Time since last request: 0.000014 seconds.
  path: Assets/PolygonMilitary/Prefabs/FX/Materials/FX_Circle.mat
  artifactKey: Guid(cbdbc7f00ebbecf4db3f4e2ffd7838c0) Importer(815301076,1909f56bfc062723c751e8b465ee728b)
Start importing Assets/PolygonMilitary/Prefabs/FX/Materials/FX_Circle.mat using Guid(cbdbc7f00ebbecf4db3f4e2ffd7838c0) Importer(815301076,1909f56bfc062723c751e8b465ee728b) [PhysX] Initialized MultithreadedTaskDispatcher with 20 workers.
[PhysX] Initialized MultithreadedTaskDispatcher with 20 workers.
 -> (artifact id: '2dc7be2d8e23a74323cef2276e4e4202') in 0.006000 seconds
Number of updated asset objects reloaded before import = 0
Number of asset objects unloaded after import = 2
========================================================================
Received Import Request.
  Time since last request: 0.000014 seconds.
  path: Assets/RifleAnimsetPro/UI/Materials/Crosshair.mat
  artifactKey: Guid(c7ed031855128944ea45f397052983f4) Importer(815301076,1909f56bfc062723c751e8b465ee728b)
Start importing Assets/RifleAnimsetPro/UI/Materials/Crosshair.mat using Guid(c7ed031855128944ea45f397052983f4) Importer(815301076,1909f56bfc062723c751e8b465ee728b) [PhysX] Initialized MultithreadedTaskDispatcher with 20 workers.
[PhysX] Initialized MultithreadedTaskDispatcher with 20 workers.
 -> (artifact id: 'f7a930ec79188e71bf2b01c02eaaff50') in 0.008398 seconds
Number of updated asset objects reloaded before import = 0
Number of asset objects unloaded after import = 2
========================================================================
Received Import Request.
  Time since last request: 0.000018 seconds.
  path: Assets/KriptoFX/MuzzleFlashes/Materials/Effects/BrickDust 1.mat
  artifactKey: Guid(b3e6b0173ef0bc843bf7be34fe199367) Importer(815301076,1909f56bfc062723c751e8b465ee728b)
Start importing Assets/KriptoFX/MuzzleFlashes/Materials/Effects/BrickDust 1.mat using Guid(b3e6b0173ef0bc843bf7be34fe199367) Importer(815301076,1909f56bfc062723c751e8b465ee728b) [PhysX] Initialized MultithreadedTaskDispatcher with 20 workers.
[PhysX] Initialized MultithreadedTaskDispatcher with 20 workers.
 -> (artifact id: 'f38aad7cf74e959ac868891d6a0f8e20') in 0.008181 seconds
Number of updated asset objects reloaded before import = 0
Number of asset objects unloaded after import = 2
========================================================================
Received Import Request.
  Time since last request: 0.000016 seconds.
  path: Assets/KriptoFX/MuzzleFlashes/Materials/Effects/Muzzle/Flame3.mat
  artifactKey: Guid(25e227ee40b33da4dbbe73008d65c8df) Importer(815301076,1909f56bfc062723c751e8b465ee728b)
Start importing Assets/KriptoFX/MuzzleFlashes/Materials/Effects/Muzzle/Flame3.mat using Guid(25e227ee40b33da4dbbe73008d65c8df) Importer(815301076,1909f56bfc062723c751e8b465ee728b) [PhysX] Initialized MultithreadedTaskDispatcher with 20 workers.
[PhysX] Initialized MultithreadedTaskDispatcher with 20 workers.
 -> (artifact id: 'f6580b3e9ad939ce4c1ca6a5ad691e96') in 0.009103 seconds
Number of updated asset objects reloaded before import = 0
Number of asset objects unloaded after import = 2
========================================================================
Received Import Request.
  Time since last request: 0.000012 seconds.
  path: Assets/KriptoFX/MuzzleFlashes/Materials/Effects/Muzzle/Flame2.mat
  artifactKey: Guid(b7bb4210c4b493549849609f38f5dc44) Importer(815301076,1909f56bfc062723c751e8b465ee728b)
Start importing Assets/KriptoFX/MuzzleFlashes/Materials/Effects/Muzzle/Flame2.mat using Guid(b7bb4210c4b493549849609f38f5dc44) Importer(815301076,1909f56bfc062723c751e8b465ee728b) [PhysX] Initialized MultithreadedTaskDispatcher with 20 workers.
[PhysX] Initialized MultithreadedTaskDispatcher with 20 workers.
 -> (artifact id: 'ccfa88b66c4f572ba1624ed03f4c635e') in 0.007688 seconds
Number of updated asset objects reloaded before import = 0
Number of asset objects unloaded after import = 2
========================================================================
Received Import Request.
  Time since last request: 0.000018 seconds.
  path: Assets/unity-chan!/Unity-chan! Model/Art/UnityChanShader/Materials/eye_L1.mat
  artifactKey: Guid(a0186681a218f4550a84e6f0488e8b61) Importer(815301076,1909f56bfc062723c751e8b465ee728b)
Start importing Assets/unity-chan!/Unity-chan! Model/Art/UnityChanShader/Materials/eye_L1.mat using Guid(a0186681a218f4550a84e6f0488e8b61) Importer(815301076,1909f56bfc062723c751e8b465ee728b) [PhysX] Initialized MultithreadedTaskDispatcher with 20 workers.
[PhysX] Initialized MultithreadedTaskDispatcher with 20 workers.
 -> (artifact id: '0137389f8c709babd17a64eb629e40f9') in 0.009630 seconds
Number of updated asset objects reloaded before import = 0
Number of asset objects unloaded after import = 4
========================================================================
Received Import Request.
  Time since last request: 0.000017 seconds.
  path: Assets/Nodachi_Animset/Animation/Generic/dead_03.fbx
  artifactKey: Guid(ca20cad97ebd4672ba3da582106187a5) Importer(815301076,1909f56bfc062723c751e8b465ee728b)
Start importing Assets/Nodachi_Animset/Animation/Generic/dead_03.fbx using Guid(ca20cad97ebd4672ba3da582106187a5) Importer(815301076,1909f56bfc062723c751e8b465ee728b) [PhysX] Initialized MultithreadedTaskDispatcher with 20 workers.
[PhysX] Initialized MultithreadedTaskDispatcher with 20 workers.
[PhysX] Initialized MultithreadedTaskDispatcher with 20 workers.
[PhysX] Initialized MultithreadedTaskDispatcher with 20 workers.
[PhysX] Initialized MultithreadedTaskDispatcher with 20 workers.
[PhysX] Initialized MultithreadedTaskDispatcher with 20 workers.
[PhysX] Initialized MultithreadedTaskDispatcher with 20 workers.
 -> (artifact id: 'b6719bc882f3fad913d7078cd99e791d') in 0.032551 seconds
Number of updated asset objects reloaded before import = 0
Number of asset objects unloaded after import = 139
========================================================================
Received Import Request.
  Time since last request: 0.000014 seconds.
  path: Assets/KriptoFX/MuzzleFlashes/Materials/Scene/Lamp.mat
  artifactKey: Guid(cd8729597a2b082408417c9cb65edf9c) Importer(815301076,1909f56bfc062723c751e8b465ee728b)
Start importing Assets/KriptoFX/MuzzleFlashes/Materials/Scene/Lamp.mat using Guid(cd8729597a2b082408417c9cb65edf9c) Importer(815301076,1909f56bfc062723c751e8b465ee728b) [PhysX] Initialized MultithreadedTaskDispatcher with 20 workers.
[PhysX] Initialized MultithreadedTaskDispatcher with 20 workers.
 -> (artifact id: '32f2e9c875cf861e14f1b3934484759c') in 0.005123 seconds
Number of updated asset objects reloaded before import = 0
Number of asset objects unloaded after import = 1
========================================================================
Received Import Request.
  Time since last request: 1.011437 seconds.
  path: Assets/Nodachi_Animset/Animation/Generic/equip.fbx
  artifactKey: Guid(38c55efe12bf4f76b48560763bc51cac) Importer(815301076,1909f56bfc062723c751e8b465ee728b)
Start importing Assets/Nodachi_Animset/Animation/Generic/equip.fbx using Guid(38c55efe12bf4f76b48560763bc51cac) Importer(815301076,1909f56bfc062723c751e8b465ee728b) [PhysX] Initialized MultithreadedTaskDispatcher with 20 workers.
[PhysX] Initialized MultithreadedTaskDispatcher with 20 workers.
[PhysX] Initialized MultithreadedTaskDispatcher with 20 workers.
[PhysX] Initialized MultithreadedTaskDispatcher with 20 workers.
[PhysX] Initialized MultithreadedTaskDispatcher with 20 workers.
[PhysX] Initialized MultithreadedTaskDispatcher with 20 workers.
[PhysX] Initialized MultithreadedTaskDispatcher with 20 workers.
 -> (artifact id: '73b8511429bc6440ec260f14063fc374') in 0.057356 seconds
Number of updated asset objects reloaded before import = 0
Number of asset objects unloaded after import = 139
========================================================================
Received Import Request.
  Time since last request: 0.000014 seconds.
  path: Assets/Nodachi_Animset/Animation/Generic/Inplace/jumpZ0_inplace.fbx
  artifactKey: Guid(67e948ca71e84119a7b1f97b5347eb44) Importer(815301076,1909f56bfc062723c751e8b465ee728b)
Start importing Assets/Nodachi_Animset/Animation/Generic/Inplace/jumpZ0_inplace.fbx using Guid(67e948ca71e84119a7b1f97b5347eb44) Importer(815301076,1909f56bfc062723c751e8b465ee728b) [PhysX] Initialized MultithreadedTaskDispatcher with 20 workers.
[PhysX] Initialized MultithreadedTaskDispatcher with 20 workers.
[PhysX] Initialized MultithreadedTaskDispatcher with 20 workers.
[PhysX] Initialized MultithreadedTaskDispatcher with 20 workers.
[PhysX] Initialized MultithreadedTaskDispatcher with 20 workers.
[PhysX] Initialized MultithreadedTaskDispatcher with 20 workers.
[PhysX] Initialized MultithreadedTaskDispatcher with 20 workers.
 -> (artifact id: 'df77f4e63e3e804d30f4ab702904fa1c') in 0.046610 seconds
Number of updated asset objects reloaded before import = 0
Number of asset objects unloaded after import = 139
========================================================================
Received Import Request.
  Time since last request: 0.000013 seconds.
  path: Assets/Nodachi_Animset/Animation/Generic/Inplace/dead_05_inplace.fbx
  artifactKey: Guid(6d3aacd7dca34c27be5f247b298efa3b) Importer(815301076,1909f56bfc062723c751e8b465ee728b)
Start importing Assets/Nodachi_Animset/Animation/Generic/Inplace/dead_05_inplace.fbx using Guid(6d3aacd7dca34c27be5f247b298efa3b) Importer(815301076,1909f56bfc062723c751e8b465ee728b) [PhysX] Initialized MultithreadedTaskDispatcher with 20 workers.
[PhysX] Initialized MultithreadedTaskDispatcher with 20 workers.
[PhysX] Initialized MultithreadedTaskDispatcher with 20 workers.
[PhysX] Initialized MultithreadedTaskDispatcher with 20 workers.
[PhysX] Initialized MultithreadedTaskDispatcher with 20 workers.
[PhysX] Initialized MultithreadedTaskDispatcher with 20 workers.
[PhysX] Initialized MultithreadedTaskDispatcher with 20 workers.
 -> (artifact id: '5dfc8492f25701873baec213c528a95b') in 0.044220 seconds
Number of updated asset objects reloaded before import = 0
Number of asset objects unloaded after import = 139
========================================================================
Received Prepare
Begin MonoManager ReloadAssembly
- Loaded All Assemblies, in  0.410 seconds
Refreshing native plugins compatible for Editor in 7.58 ms, found 3 plugins.
Native extension for WindowsStandalone target not found
Native extension for Android target not found
[Package Manager] Server::EnsureServerProcessIsRunning -- launch failed, reason: Unity was launched with the -noUpm command-line argument
[Package Manager] UpmClient::Send -- Unable to send message (not connected to UPM process).
[Package Manager] Cannot connect to Unity Package Manager local server
System.Reflection.TargetInvocationException: Exception has been thrown by the target of an invocation. ---> System.IO.IOException: Sharing violation on path C:\Users\user\OneDrive\바탕 화면\Unuty\Project_C130\Packages\jp.lilxyzw.liltoon\Editor\CurrentRP.txt
  at System.IO.FileStream..ctor (System.String path, System.IO.FileMode mode, System.IO.FileAccess access, System.IO.FileShare share, System.Int32 bufferSize, System.Boolean anonymous, System.IO.FileOptions options) [0x0019e] in <c0b7b90d34a54066a7234dad69255116>:0 
  at System.IO.FileStream..ctor (System.String path, System.IO.FileMode mode, System.IO.FileAccess access, System.IO.FileShare share, System.Int32 bufferSize, System.IO.FileOptions options) [0x00000] in <c0b7b90d34a54066a7234dad69255116>:0 
  at (wrapper remoting-invoke-with-check) System.IO.FileStream..ctor(string,System.IO.FileMode,System.IO.FileAccess,System.IO.FileShare,int,System.IO.FileOptions)
  at System.IO.StreamReader..ctor (System.String path, System.Text.Encoding encoding, System.Boolean detectEncodingFromByteOrderMarks, System.Int32 bufferSize) [0x00055] in <c0b7b90d34a54066a7234dad69255116>:0 
  at System.IO.StreamReader..ctor (System.String path, System.Boolean detectEncodingFromByteOrderMarks) [0x00007] in <c0b7b90d34a54066a7234dad69255116>:0 
  at System.IO.StreamReader..ctor (System.String path) [0x00000] in <c0b7b90d34a54066a7234dad69255116>:0 
  at (wrapper remoting-invoke-with-check) System.IO.StreamReader..ctor(string)
  at lilToon.lilStartup.lilStartupMethod () [0x0007a] in .\Packages\jp.lilxyzw.liltoon\Editor\lilStartup.cs:81 
  at (wrapper managed-to-native) System.Reflection.RuntimeMethodInfo.InternalInvoke(System.Reflection.RuntimeMethodInfo,object,object[],System.Exception&)
  at System.Reflection.RuntimeMethodInfo.Invoke (System.Object obj, System.Reflection.BindingFlags invokeAttr, System.Reflection.Binder binder, System.Object[] parameters, System.Globalization.CultureInfo culture) [0x0006a] in <c0b7b90d34a54066a7234dad69255116>:0 
   --- End of inner exception stack trace ---
  at System.Reflection.RuntimeMethodInfo.Invoke (System.Object obj, System.Reflection.BindingFlags invokeAttr, System.Reflection.Binder binder, System.Object[] parameters, System.Globalization.CultureInfo culture) [0x00083] in <c0b7b90d34a54066a7234dad69255116>:0 
  at System.Reflection.MethodBase.Invoke (System.Object obj, System.Object[] parameters) [0x00000] in <c0b7b90d34a54066a7234dad69255116>:0 
  at UnityEditor.EditorAssemblies.ProcessInitializeOnLoadMethodAttributes () [0x000a5] in <0d7024c358014444a8574f8e3e9232d5>:0 
UnityEngine.StackTraceUtility:ExtractStackTrace ()
UnityEngine.DebugLogHandler:LogFormat (UnityEngine.LogType,UnityEngine.Object,string,object[])
UnityEngine.Logger:Log (UnityEngine.LogType,object)
UnityEngine.Debug:LogError (object)
UnityEditor.EditorAssemblies:ProcessInitializeOnLoadMethodAttributes ()

Mono: successfully reloaded assembly
- Finished resetting the current domain, in  0.959 seconds
Domain Reload Profiling: 1362ms
	BeginReloadAssembly (135ms)
		ExecutionOrderSort (0ms)
		DisableScriptedObjects (2ms)
		BackupInstance (0ms)
		ReleaseScriptingObjects (0ms)
		CreateAndSetChildDomain (26ms)
	RebuildCommonClasses (21ms)
	RebuildNativeTypeToScriptingClass (6ms)
	initialDomainReloadingComplete (27ms)
	LoadAllAssembliesAndSetupDomain (214ms)
		LoadAssemblies (278ms)
		RebuildTransferFunctionScriptingTraits (0ms)
		AnalyzeDomain (10ms)
			TypeCache.Refresh (5ms)
				TypeCache.ScanAssembly (0ms)
			ScanForSourceGeneratedMonoScriptInfo (0ms)
			ResolveRequiredComponents (4ms)
	FinalizeReload (959ms)
		ReleaseScriptCaches (0ms)
		RebuildScriptCaches (0ms)
		SetupLoadedEditorAssemblies (330ms)
			LogAssemblyErrors (0ms)
			InitializePlatformSupportModulesInManaged (22ms)
			SetLoadedEditorAssemblies (3ms)
			RefreshPlugins (0ms)
			BeforeProcessingInitializeOnLoad (62ms)
			ProcessInitializeOnLoadAttributes (197ms)
			ProcessInitializeOnLoadMethodAttributes (29ms)
			AfterProcessingInitializeOnLoad (17ms)
			EditorAssembliesLoaded (0ms)
		ExecutionOrderSort2 (0ms)
		AwakeInstancesAfterBackupRestoration (8ms)
Refreshing native plugins compatible for Editor in 6.30 ms, found 3 plugins.
Preloading 0 native plugins for Editor in 0.00 ms.
Unloading 3245 Unused Serialized files (Serialized files now loaded: 0)
Unloading 65 unused Assets / (9.8 MB). Loaded Objects now: 3793.
Memory consumption went from 171.3 MB to 161.6 MB.
Total: 6.551800 ms (FindLiveObjects: 0.304200 ms CreateObjectMapping: 0.086000 ms MarkObjects: 2.695500 ms  DeleteObjects: 3.464900 ms)

Prepare: number of updated asset objects reloaded= 0
AssetImportParameters requested are different than current active one (requested -> active):
  custom:container-demuxer-ogg: 62fdf1f143b41e24485cea50d1cbac27 -> 
  custom:video-codec-MediaFoundation-h265: 746d11721c4dcdbdad8f713fa42b33f4 -> 
  custom:video-decoder-ogg-theora: a1e56fd34408186e4bbccfd4996cb3dc -> 
  custom:framework-win-MediaFoundation: 216162199b28c13a410421893ffa2e32 -> 
  custom:CustomObjectIndexerAttribute: 9a22284fe3817be447336de3de66b15e -> 
  custom:container-demuxer-webm: 4f35f7cbe854078d1ac9338744f61a02 -> 
  custom:container-muxer-webm: aa71ff27fc2769a1b78a27578f13a17b -> 
  custom:video-decoder-webm-vp8: 9c59270c3fd7afecdb556c50c9e8de78 -> 
  custom:SearchIndexIgnoredProperties: e643bd26f0fe6173181afceb89e7c659 -> 
  custom:AudioImporter_EditorPlatform: d09bf68614088b80899f8185d706f6e7 -> 
  custom:video-encoder-webm-vp8: eb34c28f22e8b96e1ab97ce403110664 -> 
  custom:audio-decoder-ogg-vorbis: bf7c407c2cedff20999df2af8eb42d56 -> 
  custom:audio-encoder-webm-vorbis: bf7c407c2cedff20999df2af8eb42d56 -> 
========================================================================
Received Prepare
Begin MonoManager ReloadAssembly
- Loaded All Assemblies, in  0.391 seconds
Refreshing native plugins compatible for Editor in 4.72 ms, found 3 plugins.
Native extension for WindowsStandalone target not found
Native extension for Android target not found
[Package Manager] Server::EnsureServerProcessIsRunning -- launch failed, reason: Unity was launched with the -noUpm command-line argument
[Package Manager] UpmClient::Send -- Unable to send message (not connected to UPM process).
[Package Manager] Cannot connect to Unity Package Manager local server
Mono: successfully reloaded assembly
- Finished resetting the current domain, in  0.923 seconds
Domain Reload Profiling: 1309ms
	BeginReloadAssembly (124ms)
		ExecutionOrderSort (0ms)
		DisableScriptedObjects (3ms)
		BackupInstance (0ms)
		ReleaseScriptingObjects (0ms)
		CreateAndSetChildDomain (21ms)
	RebuildCommonClasses (20ms)
	RebuildNativeTypeToScriptingClass (6ms)
	initialDomainReloadingComplete (25ms)
	LoadAllAssembliesAndSetupDomain (210ms)
		LoadAssemblies (274ms)
		RebuildTransferFunctionScriptingTraits (0ms)
		AnalyzeDomain (10ms)
			TypeCache.Refresh (5ms)
				TypeCache.ScanAssembly (0ms)
			ScanForSourceGeneratedMonoScriptInfo (0ms)
			ResolveRequiredComponents (4ms)
	FinalizeReload (924ms)
		ReleaseScriptCaches (0ms)
		RebuildScriptCaches (0ms)
		SetupLoadedEditorAssemblies (313ms)
			LogAssemblyErrors (0ms)
			InitializePlatformSupportModulesInManaged (21ms)
			SetLoadedEditorAssemblies (4ms)
			RefreshPlugins (0ms)
			BeforeProcessingInitializeOnLoad (59ms)
			ProcessInitializeOnLoadAttributes (196ms)
			ProcessInitializeOnLoadMethodAttributes (25ms)
			AfterProcessingInitializeOnLoad (9ms)
			EditorAssembliesLoaded (0ms)
		ExecutionOrderSort2 (0ms)
		AwakeInstancesAfterBackupRestoration (5ms)
Refreshing native plugins compatible for Editor in 6.47 ms, found 3 plugins.
Preloading 0 native plugins for Editor in 0.00 ms.
Unloading 3245 Unused Serialized files (Serialized files now loaded: 0)
Unloading 65 unused Assets / (9.7 MB). Loaded Objects now: 3798.
Memory consumption went from 171.3 MB to 161.6 MB.
Total: 7.242400 ms (FindLiveObjects: 0.341100 ms CreateObjectMapping: 0.174500 ms MarkObjects: 2.444300 ms  DeleteObjects: 4.279200 ms)

Prepare: number of updated asset objects reloaded= 0
AssetImportParameters requested are different than current active one (requested -> active):
  custom:container-demuxer-ogg: 62fdf1f143b41e24485cea50d1cbac27 -> 
  custom:video-codec-MediaFoundation-h265: 746d11721c4dcdbdad8f713fa42b33f4 -> 
  custom:video-decoder-ogg-theora: a1e56fd34408186e4bbccfd4996cb3dc -> 
  custom:framework-win-MediaFoundation: 216162199b28c13a410421893ffa2e32 -> 
  custom:CustomObjectIndexerAttribute: 9a22284fe3817be447336de3de66b15e -> 
  custom:container-demuxer-webm: 4f35f7cbe854078d1ac9338744f61a02 -> 
  custom:container-muxer-webm: aa71ff27fc2769a1b78a27578f13a17b -> 
  custom:video-decoder-webm-vp8: 9c59270c3fd7afecdb556c50c9e8de78 -> 
  custom:SearchIndexIgnoredProperties: e643bd26f0fe6173181afceb89e7c659 -> 
  custom:AudioImporter_EditorPlatform: d09bf68614088b80899f8185d706f6e7 -> 
  custom:video-encoder-webm-vp8: eb34c28f22e8b96e1ab97ce403110664 -> 
  custom:audio-decoder-ogg-vorbis: bf7c407c2cedff20999df2af8eb42d56 -> 
  custom:audio-encoder-webm-vorbis: bf7c407c2cedff20999df2af8eb42d56 -> 
========================================================================
Received Prepare
Begin MonoManager ReloadAssembly
- Loaded All Assemblies, in  0.421 seconds
Refreshing native plugins compatible for Editor in 6.98 ms, found 3 plugins.
Native extension for WindowsStandalone target not found
Native extension for Android target not found
[Package Manager] Server::EnsureServerProcessIsRunning -- launch failed, reason: Unity was launched with the -noUpm command-line argument
[Package Manager] UpmClient::Send -- Unable to send message (not connected to UPM process).
[Package Manager] Cannot connect to Unity Package Manager local server
System.Reflection.TargetInvocationException: Exception has been thrown by the target of an invocation. ---> System.IO.IOException: Sharing violation on path C:\Users\user\OneDrive\바탕 화면\Unuty\Project_C130\Packages\jp.lilxyzw.liltoon\Editor\CurrentRP.txt
  at System.IO.FileStream..ctor (System.String path, System.IO.FileMode mode, System.IO.FileAccess access, System.IO.FileShare share, System.Int32 bufferSize, System.Boolean anonymous, System.IO.FileOptions options) [0x0019e] in <c0b7b90d34a54066a7234dad69255116>:0 
  at System.IO.FileStream..ctor (System.String path, System.IO.FileMode mode, System.IO.FileAccess access, System.IO.FileShare share, System.Int32 bufferSize, System.IO.FileOptions options) [0x00000] in <c0b7b90d34a54066a7234dad69255116>:0 
  at (wrapper remoting-invoke-with-check) System.IO.FileStream..ctor(string,System.IO.FileMode,System.IO.FileAccess,System.IO.FileShare,int,System.IO.FileOptions)
  at System.IO.StreamWriter..ctor (System.String path, System.Boolean append, System.Text.Encoding encoding, System.Int32 bufferSize) [0x00055] in <c0b7b90d34a54066a7234dad69255116>:0 
  at System.IO.StreamWriter..ctor (System.String path, System.Boolean append) [0x00008] in <c0b7b90d34a54066a7234dad69255116>:0 
  at (wrapper remoting-invoke-with-check) System.IO.StreamWriter..ctor(string,bool)
  at lilToon.lilStartup.lilStartupMethod () [0x000d1] in .\Packages\jp.lilxyzw.liltoon\Editor\lilStartup.cs:95 
  at (wrapper managed-to-native) System.Reflection.RuntimeMethodInfo.InternalInvoke(System.Reflection.RuntimeMethodInfo,object,object[],System.Exception&)
  at System.Reflection.RuntimeMethodInfo.Invoke (System.Object obj, System.Reflection.BindingFlags invokeAttr, System.Reflection.Binder binder, System.Object[] parameters, System.Globalization.CultureInfo culture) [0x0006a] in <c0b7b90d34a54066a7234dad69255116>:0 
   --- End of inner exception stack trace ---
  at System.Reflection.RuntimeMethodInfo.Invoke (System.Object obj, System.Reflection.BindingFlags invokeAttr, System.Reflection.Binder binder, System.Object[] parameters, System.Globalization.CultureInfo culture) [0x00083] in <c0b7b90d34a54066a7234dad69255116>:0 
  at System.Reflection.MethodBase.Invoke (System.Object obj, System.Object[] parameters) [0x00000] in <c0b7b90d34a54066a7234dad69255116>:0 
  at UnityEditor.EditorAssemblies.ProcessInitializeOnLoadMethodAttributes () [0x000a5] in <0d7024c358014444a8574f8e3e9232d5>:0 
UnityEngine.StackTraceUtility:ExtractStackTrace ()
UnityEngine.DebugLogHandler:LogFormat (UnityEngine.LogType,UnityEngine.Object,string,object[])
UnityEngine.Logger:Log (UnityEngine.LogType,object)
UnityEngine.Debug:LogError (object)
UnityEditor.EditorAssemblies:ProcessInitializeOnLoadMethodAttributes ()

Mono: successfully reloaded assembly
- Finished resetting the current domain, in  0.977 seconds
Domain Reload Profiling: 1392ms
	BeginReloadAssembly (130ms)
		ExecutionOrderSort (0ms)
		DisableScriptedObjects (2ms)
		BackupInstance (0ms)
		ReleaseScriptingObjects (0ms)
		CreateAndSetChildDomain (21ms)
	RebuildCommonClasses (20ms)
	RebuildNativeTypeToScriptingClass (7ms)
	initialDomainReloadingComplete (31ms)
	LoadAllAssembliesAndSetupDomain (226ms)
		LoadAssemblies (293ms)
		RebuildTransferFunctionScriptingTraits (0ms)
		AnalyzeDomain (12ms)
			TypeCache.Refresh (5ms)
				TypeCache.ScanAssembly (0ms)
			ScanForSourceGeneratedMonoScriptInfo (0ms)
			ResolveRequiredComponents (5ms)
	FinalizeReload (978ms)
		ReleaseScriptCaches (0ms)
		RebuildScriptCaches (0ms)
		SetupLoadedEditorAssemblies (320ms)
			LogAssemblyErrors (0ms)
			InitializePlatformSupportModulesInManaged (24ms)
			SetLoadedEditorAssemblies (4ms)
			RefreshPlugins (0ms)
			BeforeProcessingInitializeOnLoad (61ms)
			ProcessInitializeOnLoadAttributes (191ms)
			ProcessInitializeOnLoadMethodAttributes (27ms)
			AfterProcessingInitializeOnLoad (13ms)
			EditorAssembliesLoaded (0ms)
		ExecutionOrderSort2 (0ms)
		AwakeInstancesAfterBackupRestoration (7ms)
Refreshing native plugins compatible for Editor in 5.94 ms, found 3 plugins.
Preloading 0 native plugins for Editor in 0.00 ms.
Unloading 3245 Unused Serialized files (Serialized files now loaded: 0)
Unloading 65 unused Assets / (9.6 MB). Loaded Objects now: 3803.
Memory consumption went from 171.2 MB to 161.6 MB.
Total: 5.876500 ms (FindLiveObjects: 0.278400 ms CreateObjectMapping: 0.079500 ms MarkObjects: 2.210900 ms  DeleteObjects: 3.306500 ms)

Prepare: number of updated asset objects reloaded= 0
AssetImportParameters requested are different than current active one (requested -> active):
  custom:container-demuxer-ogg: 62fdf1f143b41e24485cea50d1cbac27 -> 
  custom:video-codec-MediaFoundation-h265: 746d11721c4dcdbdad8f713fa42b33f4 -> 
  custom:video-decoder-ogg-theora: a1e56fd34408186e4bbccfd4996cb3dc -> 
  custom:framework-win-MediaFoundation: 216162199b28c13a410421893ffa2e32 -> 
  custom:CustomObjectIndexerAttribute: 9a22284fe3817be447336de3de66b15e -> 
  custom:container-demuxer-webm: 4f35f7cbe854078d1ac9338744f61a02 -> 
  custom:container-muxer-webm: aa71ff27fc2769a1b78a27578f13a17b -> 
  custom:video-decoder-webm-vp8: 9c59270c3fd7afecdb556c50c9e8de78 -> 
  custom:SearchIndexIgnoredProperties: e643bd26f0fe6173181afceb89e7c659 -> 
  custom:AudioImporter_EditorPlatform: d09bf68614088b80899f8185d706f6e7 -> 
  custom:video-encoder-webm-vp8: eb34c28f22e8b96e1ab97ce403110664 -> 
  custom:audio-decoder-ogg-vorbis: bf7c407c2cedff20999df2af8eb42d56 -> 
  custom:audio-encoder-webm-vorbis: bf7c407c2cedff20999df2af8eb42d56 -> 
Editor requested this worker to shutdown with reason: Scaling down because of idle timeout
TcpMessagingSession - receive error: operation aborted. errorcode: 995, details:   Ǵ  α׷ û  I/O ۾ ҵǾϴ.
AssetImportWorker is now disconnected from the server
Process exiting
Exiting without the bug reporter. Application will terminate with return code 0